C51 COMPILER V9.01   MAIN                                                                  05/11/2018 23:51:21 PAGE 1   


C51 COMPILER V9.01, COMPILATION OF MODULE MAIN
OBJECT MODULE PLACED IN main.OBJ
COMPILER INVOKED BY: D:\stc51\keil\C51\BIN\C51.EXE main.c BROWSE DEBUG OBJECTEXTEND

line level    source

   1          #include <reg52.h>
   2          #include <lcd.h>
   3          
   4          sbit K1=P3^1;//向上
   5          sbit K2=P3^4;//向左
   6          sbit K3=P3^5;//向右
   7          sbit K4=P3^6;//向下
   8          sbit K5=P3^7;//开启编辑功能
   9          sbit K6=P3^3;//显示定时功能
  10          
  11          void keyscan_speed()
  12          {
  13   1              if(K1==0)//改变相应的值
  14   1              {
  15   2                      delayms(10);
  16   2                      while(K1==0);
  17   2                      switch(sit[0])
  18   2                      {
  19   3                              case 0:
  20   3                                      if(data1[0][sit[0]]<99)
  21   3                                              data1[0][sit[0]]++; 
  22   3                                      display_speed(data1[0][0]);
  23   3                                      break;
  24   3                              case 1:
  25   3                                      if(data1[0][sit[0]]<60)
  26   3                                              data1[0][sit[0]]++;
  27   3                                      display_duty(data1[0][1],data1[0][2]);
  28   3                                      break;
  29   3                              case 2:
  30   3                                      if(data1[0][sit[0]]<9)
  31   3                                              data1[0][sit[0]]++;
  32   3                                      display_duty(data1[0][1],data1[0][2]);
  33   3                                      break;
  34   3                      }
  35   2                      
  36   2              }
  37   1              if(K2==0 && K5==0)//开启编辑功能的时候才能使用
  38   1              {
  39   2                      LcdWriteCom(0xcb);
  40   2                      delayms(10);
  41   2                      cursor_move(2,0);
  42   2              }
  43   1              if(K3==0 && K5==0)//开启编辑功能的时候才能使用
  44   1              {
  45   2                      delayms(10);
  46   2                      cursor_move(1,0);
  47   2              }
  48   1              if(K4==0)
  49   1              {
  50   2                      delayms(10);
  51   2                      while(K4==0);
  52   2                      switch(sit[0])
  53   2                      {
  54   3                              case 0:
  55   3                                      if(data1[0][sit[0]]>0) 
C51 COMPILER V9.01   MAIN                                                                  05/11/2018 23:51:21 PAGE 2   

  56   3                                              data1[0][sit[0]]--;
  57   3                                      display_speed(data1[0][0]);
  58   3                                      break;
  59   3                              case 1:
  60   3                                      if(data1[0][sit[0]]>0)
  61   3                                              data1[0][sit[0]]--;
  62   3                                      display_duty(data1[0][1],data1[0][2]);
  63   3                                      break;
  64   3                              case 2:
  65   3                                      if(data1[0][sit[0]]>0)
  66   3                                              data1[0][sit[0]]--;
  67   3                                      display_duty(data1[0][1],data1[0][2]);
  68   3                                      break;
  69   3                      }
  70   2              }
  71   1      }
  72          
  73          void keyscan_time()
  74          {
  75   1              if(K1==0)//改变相应的值
  76   1              {
  77   2                      delayms(10);
  78   2                      while(K1==0);
  79   2                      switch(sit[1])
  80   2                      {
  81   3                              case 0:
  82   3                                      if(data1[1][sit[1]]<24)
  83   3                                              data1[1][sit[1]]++; 
  84   3                                      display_time(data1[1][0],data1[1][1]);
  85   3                                      break;
  86   3                              case 1:
  87   3                                      if(data1[1][sit[1]]<60)
  88   3                                              data1[1][sit[1]]++;
  89   3                                      display_time(data1[1][0],data1[1][1]);
  90   3                                      break;
  91   3                              case 2:
  92   3                                      if(data1[1][2]==0)
  93   3                                              data1[1][2]=1;
  94   3                                      else 
  95   3                                              data1[1][2]=0;
  96   3                                      display_time(data1[1][0],data1[1][1]);
  97   3                                      break;
  98   3                      }
  99   2                      
 100   2              }
 101   1              if(K2==0)//开启编辑功能的时候才能使用
 102   1              {
 103   2                      delayms(10);
 104   2                      cursor_move(2,1);
 105   2              }
 106   1              if(K3==0)//开启编辑功能的时候才能使用
 107   1              {
 108   2                      delayms(10);
 109   2                      cursor_move(1,1);
 110   2              }
 111   1              if(K4==0)
 112   1              {
 113   2                      delayms(10);
 114   2                      while(K4==0);
 115   2                      switch(sit[1])
 116   2                      {
 117   3                              case 0,1:
C51 COMPILER V9.01   MAIN                                                                  05/11/2018 23:51:21 PAGE 3   

 118   3                                      if(data1[1][sit[1]]>0) 
 119   3                                              data1[1][sit[1]]--;
 120   3                                      display_time(data1[1][0],data1[1][1]);
 121   3                                      break;
 122   3                              case 2:
 123   3                                      if(data1[1][2]==0)
 124   3                                              data1[1][2]=1;
 125   3                                      else 
 126   3                                              data1[1][2]=0;
 127   3                                      display_time(data1[1][0],data1[1][1]);
 128   3                                      break;
 129   3                      }
 130   2              }
 131   1      }
 132          
 133          void Int0_init()
 134          {
 135   1              IT0=1;
 136   1              EX0=1;
 137   1              EA=1;
 138   1      }
 139          
 140          void Int1_init()
 141          {
 142   1              IT1=1;
 143   1              EX1=1;
 144   1              EA=1;
 145   1      }
 146          
 147          int main()
 148          {
 149   1              LcdInit();
 150   1              display_line();
 151   1              display_speed(data1[0][0]);
 152   1              display_duty(data1[0][1],data1[0][2]);
 153   1              LcdWriteCom(next[0][sit[0]]);
 154   1              Int0_init();
 155   1              Int1_init();
 156   1              while(1)
 157   1              {
 158   2                      if(K5==0 || key_status[6]==0) //根据K5判断是否显示光标
 159   2                      LcdWriteCom(0x0d);
 160   2                      else 
 161   2                      LcdWriteCom(0x0c);
 162   2              }
 163   1      }
 164          
 165          void Int0() interrupt 0
 166          {       
 167   1              if(key_status[6]==1)
 168   1              {
 169   2                      keyscan_speed();
 170   2                      LcdWriteCom(next[0][sit[0]]);
 171   2              }
 172   1              else 
 173   1              {
 174   2                      keyscan_time();
 175   2                      LcdWriteCom(next[1][sit[1]]);
 176   2              }
 177   1      }
 178          
 179          void Int1() interrupt 2
C51 COMPILER V9.01   MAIN                                                                  05/11/2018 23:51:21 PAGE 4   

 180          {
 181   1              delayms(10);
 182   1              if(K6==0)
 183   1              if(key_status[6]==1)
 184   1              {
 185   2                      key_status[6]=0;
 186   2                      LcdWriteCom(0x01);//清屏
 187   2                      delayms(1);
 188   2                      display_line2();//显示初始时间
 189   2                      display_time(data1[1][0],data1[1][1]);//显示定时时间
 190   2              }
 191   1              else {
 192   2                      key_status[6]=1;
 193   2                      LcdWriteCom(0x01);
 194   2                      display_line();
 195   2                      display_speed(data1[0][0]);
 196   2                      display_duty(data1[0][1],data1[0][2]);
 197   2                      LcdWriteCom(next[0][sit[0]]);
 198   2              }
 199   1              LcdWriteCom(next[1][sit[1]]);
 200   1      }


MODULE INFORMATION:   STATIC OVERLAYABLE
   CODE SIZE        =    653    ----
   CONSTANT SIZE    =   ----    ----
   XDATA SIZE       =   ----    ----
   PDATA SIZE       =   ----    ----
   DATA SIZE        =   ----    ----
   IDATA SIZE       =   ----    ----
   BIT SIZE         =   ----    ----
END OF MODULE INFORMATION.


C51 COMPILATION COMPLETE.  0 WARNING(S),  0 ERROR(S)
